* installing *source* package 'mvinfluence' ...
** this is package 'mvinfluence' version '0.9.2'
** package 'mvinfluence' successfully unpacked and MD5 sums checked
** using staged installation
** R
** data
*** moving datasets to lazyload DB
** inst
** byte-compile and prepare package for lazy loading
Warning messages:
1: package 'heplots' was built under R version 4.5.2 
2: package 'broom' was built under R version 4.5.2 
** help
*** installing help indices
*** copying figures
** building package indices
** installing vignettes
** testing if installed package can be loaded from temporary location
Warning: package 'heplots' was built under R version 4.5.2
Warning: package 'broom' was built under R version 4.5.2
** testing if installed package can be loaded from final location
Warning: package 'heplots' was built under R version 4.5.2
Warning: package 'broom' was built under R version 4.5.2
** testing if installed package keeps a record of temporary installation path
* DONE (mvinfluence)
