* using log directory 'C:/R/Projects/heplots/revdep/checks/latentnet/old/latentnet.Rcheck'
* using R version 4.3.2 (2023-10-31 ucrt)
* using platform: x86_64-w64-mingw32 (64-bit)
* R was compiled by
    gcc.exe (GCC) 12.3.0
    GNU Fortran (GCC) 12.3.0
* running under: Windows 10 x64 (build 19044)
* using session charset: UTF-8
* using options '--no-manual --no-build-vignettes'
* checking for file 'latentnet/DESCRIPTION' ... OK
* this is package 'latentnet' version '2.10.6'
* package encoding: UTF-8
* checking package namespace information ... OK
* checking package dependencies ... NOTE
Package suggested but not available for checking: 'ergm.userterms'
* checking if this is a source package ... OK
* checking if there is a namespace ... OK
* checking for executable files ... OK
* checking for hidden files and directories ... OK
* checking for portable file names ... OK
* checking whether package 'latentnet' can be installed ... OK
* used C compiler: 'gcc.exe (GCC) 12.3.0'
* checking installed package size ... OK
* checking package directory ... OK
* checking DESCRIPTION meta-information ... OK
* checking top-level files ... OK
* checking for left-over files ... OK
* checking index information ... OK
* checking package subdirectories ... OK
* checking R files for non-ASCII characters ... OK
* checking R files for syntax errors ... OK
* checking whether the package can be loaded ... OK
* checking whether the package can be loaded with stated dependencies ... OK
* checking whether the package can be unloaded cleanly ... OK
* checking whether the namespace can be loaded with stated dependencies ... OK
* checking whether the namespace can be unloaded cleanly ... OK
* checking loading without being on the library search path ... OK
* checking startup messages can be suppressed ... OK
* checking dependencies in R code ... OK
* checking S3 generic/method consistency ... OK
* checking replacement functions ... OK
* checking foreign function calls ... OK
* checking R code for possible problems ... OK
* checking Rd files ... NOTE
checkRd: (-1) simulate.ergmm.Rd:35: Escaped LaTeX specials: \$
checkRd: (-1) simulate.ergmm.Rd:36: Escaped LaTeX specials: \$
* checking Rd metadata ... OK
* checking Rd cross-references ... NOTE
Unknown package 'ergm.userterms' in Rd xrefs
* checking for missing documentation entries ... OK
* checking for code/documentation mismatches ... OK
* checking Rd \usage sections ... OK
* checking Rd contents ... OK
* checking for unstated dependencies in examples ... OK
* checking contents of 'data' directory ... OK
* checking data for non-ASCII characters ... OK
* checking data for ASCII and uncompressed saves ... OK
* checking line endings in C/C++/Fortran sources/headers ... OK
* checking line endings in Makefiles ... OK
* checking compilation flags in Makevars ... OK
* checking for GNU extensions in Makefiles ... NOTE
GNU make is a SystemRequirements.
* checking for portable use of $(BLAS_LIBS) and $(LAPACK_LIBS) ... OK
* checking use of PKG_*FLAGS in Makefiles ... OK
* checking compiled code ... OK
* checking examples ... OK
* checking for unstated dependencies in 'tests' ... OK
* checking tests ... OK
  Running 'missing.R'
  Running 'nofixed.R'
  Running 'nolatent.R'
  Running 'nomcmc.R'
  Running 'nomixing.R'
  Running 'normal.R'
  Running 'onlymcmc.R'
* DONE
Status: 4 NOTEs
