* installing *source* package 'latentnet' ...
** package 'latentnet' successfully unpacked and MD5 sums checked
** using staged installation
** libs
gcc  -I"C:/R/R-42~1.1/include" -DNDEBUG     -I"c:/rtools42/x86_64-w64-mingw32.static.posix/include"     -O2 -Wall  -std=gnu99 -mfpmath=sse -msse2 -mstackrealign  -c P_alloc.c -o P_alloc.o
gcc  -I"C:/R/R-42~1.1/include" -DNDEBUG     -I"c:/rtools42/x86_64-w64-mingw32.static.posix/include"     -O2 -Wall  -std=gnu99 -mfpmath=sse -msse2 -mstackrealign  -c ergmm_families.c -o ergmm_families.o
gcc  -I"C:/R/R-42~1.1/include" -DNDEBUG     -I"c:/rtools42/x86_64-w64-mingw32.static.posix/include"     -O2 -Wall  -std=gnu99 -mfpmath=sse -msse2 -mstackrealign  -c ergmm_latent_effects.c -o ergmm_latent_effects.o
gcc  -I"C:/R/R-42~1.1/include" -DNDEBUG     -I"c:/rtools42/x86_64-w64-mingw32.static.posix/include"     -O2 -Wall  -std=gnu99 -mfpmath=sse -msse2 -mstackrealign  -c ergmm_probs.c -o ergmm_probs.o
gcc  -I"C:/R/R-42~1.1/include" -DNDEBUG     -I"c:/rtools42/x86_64-w64-mingw32.static.posix/include"     -O2 -Wall  -std=gnu99 -mfpmath=sse -msse2 -mstackrealign  -c ergmm_sampler.c -o ergmm_sampler.o
gcc  -I"C:/R/R-42~1.1/include" -DNDEBUG     -I"c:/rtools42/x86_64-w64-mingw32.static.posix/include"     -O2 -Wall  -std=gnu99 -mfpmath=sse -msse2 -mstackrealign  -c ergmm_updaters.c -o ergmm_updaters.o
gcc  -I"C:/R/R-42~1.1/include" -DNDEBUG     -I"c:/rtools42/x86_64-w64-mingw32.static.posix/include"     -O2 -Wall  -std=gnu99 -mfpmath=sse -msse2 -mstackrealign  -c ergmm_utils.c -o ergmm_utils.o
gcc  -I"C:/R/R-42~1.1/include" -DNDEBUG     -I"c:/rtools42/x86_64-w64-mingw32.static.posix/include"     -O2 -Wall  -std=gnu99 -mfpmath=sse -msse2 -mstackrealign  -c init.c -o init.o
gcc  -I"C:/R/R-42~1.1/include" -DNDEBUG     -I"c:/rtools42/x86_64-w64-mingw32.static.posix/include"     -O2 -Wall  -std=gnu99 -mfpmath=sse -msse2 -mstackrealign  -c kl_switch.c -o kl_switch.o
gcc  -I"C:/R/R-42~1.1/include" -DNDEBUG     -I"c:/rtools42/x86_64-w64-mingw32.static.posix/include"     -O2 -Wall  -std=gnu99 -mfpmath=sse -msse2 -mstackrealign  -c matrix_utils.c -o matrix_utils.o
gcc  -I"C:/R/R-42~1.1/include" -DNDEBUG     -I"c:/rtools42/x86_64-w64-mingw32.static.posix/include"     -O2 -Wall  -std=gnu99 -mfpmath=sse -msse2 -mstackrealign  -c mbc_sampler.c -o mbc_sampler.o
gcc  -I"C:/R/R-42~1.1/include" -DNDEBUG     -I"c:/rtools42/x86_64-w64-mingw32.static.posix/include"     -O2 -Wall  -std=gnu99 -mfpmath=sse -msse2 -mstackrealign  -c mvnorm.c -o mvnorm.o
gcc  -I"C:/R/R-42~1.1/include" -DNDEBUG     -I"c:/rtools42/x86_64-w64-mingw32.static.posix/include"     -O2 -Wall  -std=gnu99 -mfpmath=sse -msse2 -mstackrealign  -c post_predict.c -o post_predict.o
gcc  -I"C:/R/R-42~1.1/include" -DNDEBUG     -I"c:/rtools42/x86_64-w64-mingw32.static.posix/include"     -O2 -Wall  -std=gnu99 -mfpmath=sse -msse2 -mstackrealign  -c procrustes.c -o procrustes.o
gcc  -I"C:/R/R-42~1.1/include" -DNDEBUG     -I"c:/rtools42/x86_64-w64-mingw32.static.posix/include"     -O2 -Wall  -std=gnu99 -mfpmath=sse -msse2 -mstackrealign  -c wishart.c -o wishart.o
gcc -shared -s -static-libgcc -o latentnet.dll tmp.def P_alloc.o ergmm_families.o ergmm_latent_effects.o ergmm_probs.o ergmm_sampler.o ergmm_updaters.o ergmm_utils.o init.o kl_switch.o matrix_utils.o mbc_sampler.o mvnorm.o post_predict.o procrustes.o wishart.o -LC:/R/R-42~1.1/bin/x64 -lRlapack -LC:/R/R-42~1.1/bin/x64 -lRblas -lgfortran -lm -lquadmath -Lc:/rtools42/x86_64-w64-mingw32.static.posix/lib/x64 -Lc:/rtools42/x86_64-w64-mingw32.static.posix/lib -LC:/R/R-42~1.1/bin/x64 -lR
installing to C:/R/Rprojects/heplots/revdep/checks/latentnet/old/latentnet.Rcheck/00LOCK-LATENT~1/00new/latentnet/libs/x64
** R
** data
** inst
** byte-compile and prepare package for lazy loading
** help
*** installing help indices
** building package indices
** testing if installed package can be loaded from temporary location
** testing if installed package can be loaded from final location
** testing if installed package keeps a record of temporary installation path
* DONE (latentnet)
