* installing *source* package 'candisc' ...
** this is package 'candisc' version '1.1.0'
** package 'candisc' successfully unpacked and MD5 sums checked
** using staged installation
** R
** data
*** moving datasets to lazyload DB
** demo
** inst
** byte-compile and prepare package for lazy loading
Warning message:
package 'broom' was built under R version 4.5.2 
** help
*** installing help indices
*** copying figures
** building package indices
** installing vignettes
** testing if installed package can be loaded from temporary location
Warning: package 'broom' was built under R version 4.5.2
** testing if installed package can be loaded from final location
Warning: package 'broom' was built under R version 4.5.2
** testing if installed package keeps a record of temporary installation path
* DONE (candisc)
