* installing *source* package 'ordr' ...
** package 'ordr' successfully unpacked and MD5 sums checked
** using staged installation
** R
** data
*** moving datasets to lazyload DB
** inst
** byte-compile and prepare package for lazy loading
Warning message:
package 'ggplot2' was built under R version 4.4.3 
** help
*** installing help indices
** building package indices
** installing vignettes
** testing if installed package can be loaded from temporary location
Warning: package 'ggplot2' was built under R version 4.4.3
** testing if installed package can be loaded from final location
Warning: package 'ggplot2' was built under R version 4.4.3
** testing if installed package keeps a record of temporary installation path
* DONE (ordr)
